<?xml version="1.0"?>
<!--Phoronix Test Suite v10.8.4-->
<PhoronixTestSuite>
  <TestInformation>
    <Title>Java Vertx benchmarks</Title>
    <AppVersion>4.4</AppVersion>
    <Description>A few JMH benchmarks are available to measure performance of some Vert.x sensitive parts</Description>
    <ResultScale>Ops/s</ResultScale>
    <Proportion>HIB</Proportion>
    <SubTitle>Throughput</SubTitle>
    <Executable>vertx.sh</Executable>
    <TimesToRun>1</TimesToRun>
  </TestInformation>
  <TestProfile>
    <Version>1.0.0</Version>
    <SupportedPlatforms>Linux,Windows</SupportedPlatforms>
    <SoftwareType>Utility</SoftwareType>
    <TestType>System</TestType>
    <License>Free</License>
    <Status>Unverified</Status>
    <ExternalDependencies>java,maven</ExternalDependencies>
    <EnvironmentSize>30</EnvironmentSize>
    <ProjectURL>https://github.com/eclipse-vertx/vert.x</ProjectURL>
    <RepositoryURL>https://github.com/eclipse-vertx/vert.x</RepositoryURL>
    <Maintainer>Sebastijan Kelemen</Maintainer>
  </TestProfile>
</PhoronixTestSuite>
